<?xml version="1.0" encoding="UTF-8" ?>
<testsuite tests="21" failures="0" name="com.tsi.davis.gareth.cucumber.cats.RunCucumberTest" time="0.148" errors="0" skipped="18">
  <properties>
    <property name="java.runtime.name" value="Java(TM) SE Runtime Environment"/>
    <property name="java.vm.version" value="17+35-LTS-2724"/>
    <property name="sun.boot.library.path" value="C:\Program Files\Java\jdk-17\bin"/>
    <property name="maven.multiModuleProjectDirectory" value="C:\Gareth\CodeDemo\catsSBDemo\CatsAndCucumber"/>
    <property name="java.vm.vendor" value="Oracle Corporation"/>
    <property name="java.vendor.url" value="https://java.oracle.com/"/>
    <property name="guice.disable.misplaced.annotation.check" value="true"/>
    <property name="path.separator" value=";"/>
    <property name="java.vm.name" value="Java HotSpot(TM) 64-Bit Server VM"/>
    <property name="sun.os.patch.level" value=""/>
    <property name="user.script" value=""/>
    <property name="user.country" value="GB"/>
    <property name="sun.java.launcher" value="SUN_STANDARD"/>
    <property name="java.vm.specification.name" value="Java Virtual Machine Specification"/>
    <property name="user.dir" value="C:\Gareth\CodeDemo\catsSBDemo\CatsAndCucumber"/>
    <property name="java.vm.compressedOopsMode" value="Zero based"/>
    <property name="java.runtime.version" value="17+35-LTS-2724"/>
    <property name="os.arch" value="amd64"/>
    <property name="java.io.tmpdir" value="C:\Users\Karolina\AppData\Local\Temp\"/>
    <property name="line.separator" value="
"/>
    <property name="java.vm.specification.vendor" value="Oracle Corporation"/>
    <property name="user.variant" value=""/>
    <property name="os.name" value="Windows 10"/>
    <property name="classworlds.conf" value="C:\Users\Karolina\apache-maven-3.8.3\bin\m2.conf"/>
    <property name="sun.jnu.encoding" value="Cp1252"/>
    <property name="java.library.path" value="C:\Program Files\Java\jdk-17\bin;C:\WINDOWS\Sun\Java\bin;C:\WINDOWS\system32;C:\WINDOWS;C:\Program Files\Common Files\Oracle\Java\javapath;C:\Python27\;C:\Python27\Scripts;C:\WINDOWS\system32;C:\WINDOWS;C:\WINDOWS\System32\Wbem;C:\WINDOWS\System32\WindowsPowerShell\v1.0\;C:\WINDOWS\System32\OpenSSH\;C:\Program Files\nodejs\;C:\ProgramData\chocolatey\bin;C:\Program Files (x86)\Brackets\command;C:\Program Files\Liquid Technologies\Liquid Studio 2019\XmlDataBinder17\Redist17\cpp\win32\bin;C:\Program Files\Liquid Technologies\Liquid Studio 2019\XmlDataBinder17\Redist17\cpp\win64\bin;C:\Program Files\Git\cmd;C:\Users\Karolina\apache-maven-3.8.3\bin;C:\Program Files\MySQL\MySQL Shell 8.0\bin\;C:\Users\Karolina\AppData\Local\Microsoft\WindowsApps;C:\Users\Karolina\AppData\Roaming\npm;;."/>
    <property name="maven.conf" value="C:\Users\Karolina\apache-maven-3.8.3/conf"/>
    <property name="jdk.debug" value="release"/>
    <property name="java.class.version" value="61.0"/>
    <property name="java.specification.name" value="Java Platform API Specification"/>
    <property name="sun.management.compiler" value="HotSpot 64-Bit Tiered Compilers"/>
    <property name="os.version" value="10.0"/>
    <property name="library.jansi.path" value="C:\Users\Karolina\apache-maven-3.8.3\lib\jansi-native"/>
    <property name="user.home" value="C:\Users\Karolina"/>
    <property name="user.timezone" value="Europe/London"/>
    <property name="file.encoding" value="Cp1252"/>
    <property name="java.specification.version" value="17"/>
    <property name="user.name" value="Karolina"/>
    <property name="java.class.path" value="C:\Users\Karolina\apache-maven-3.8.3\boot\plexus-classworlds-2.6.0.jar"/>
    <property name="java.vm.specification.version" value="17"/>
    <property name="sun.arch.data.model" value="64"/>
    <property name="sun.java.command" value="org.codehaus.plexus.classworlds.launcher.Launcher clean test"/>
    <property name="java.home" value="C:\Program Files\Java\jdk-17"/>
    <property name="user.language" value="en"/>
    <property name="java.specification.vendor" value="Oracle Corporation"/>
    <property name="java.vm.info" value="mixed mode, sharing"/>
    <property name="java.version" value="17"/>
    <property name="native.encoding" value="Cp1252"/>
    <property name="java.vendor" value="Oracle Corporation"/>
    <property name="sun.stderr.encoding" value="cp850"/>
    <property name="maven.home" value="C:\Users\Karolina\apache-maven-3.8.3"/>
    <property name="file.separator" value="\"/>
    <property name="java.version.date" value="2021-09-14"/>
    <property name="java.vendor.url.bug" value="https://bugreport.java.com/bugreport/"/>
    <property name="sun.io.unicode.encoding" value="UnicodeLittle"/>
    <property name="sun.cpu.endian" value="little"/>
    <property name="sun.stdout.encoding" value="cp850"/>
    <property name="sun.cpu.isalist" value="amd64"/>
  </properties>
  <testcase classname="Scenario: Successfully feed the cat" name="Given the cat is hungry" time="0.004">
    <skipped/>
    <system-out>Feature: feed the cat
  AS AN owner
  I WANT TO feed my cat
  SO THAT it isn&apos;t hungry
</system-out>
  </testcase>
  <testcase classname="Scenario: Successfully feed the cat" name="And there is food in the bowl" time="0.004">
    <skipped/>
  </testcase>
  <testcase classname="Scenario: Successfully feed the cat" name="And the cat likes the food on offer" time="0.004">
    <skipped/>
  </testcase>
  <testcase classname="Scenario: Successfully feed the cat" name="When I try to feed the cat" time="0.004">
    <skipped/>
  </testcase>
  <testcase classname="Scenario: Successfully feed the cat" name="Then the cat should eat the food" time="0.004">
    <skipped/>
  </testcase>
  <testcase classname="Scenario: Successfully feed the cat" name="And the cat should no longer be hungry" time="0.005">
    <skipped/>
  </testcase>
  <testcase classname="Scenario: Successfully feed the cat" name="And the amount of food in the bowl should decrease" time="0.005">
    <skipped/>
  </testcase>
  <testcase classname="Scenario: Successfully feed the cat" name="Scenario: Successfully feed the cat" time="0.005">
    <skipped/>
  </testcase>
  <testcase classname="Scenario: Successfully feed the cat" name="Scenario: Successfully feed the cat" time="0.007"/>
  <testcase classname="Scenario: Cat is not hungry" name="Given the cat is not hungry" time="0.01">
    <skipped/>
    <system-out>
  Scenario: Successfully feed the cat                  &amp;#27;[90m# feed the cat.feature:6&amp;#27;[0m
    &amp;#27;[33mGiven &amp;#27;[0m&amp;#27;[33mthe cat is hungry&amp;#27;[0m
    &amp;#27;[33mAnd &amp;#27;[0m&amp;#27;[33mthere is food in the bowl&amp;#27;[0m
    &amp;#27;[33mAnd &amp;#27;[0m&amp;#27;[33mthe cat likes the food on offer&amp;#27;[0m
    &amp;#27;[33mWhen &amp;#27;[0m&amp;#27;[33mI try to feed the cat&amp;#27;[0m
    &amp;#27;[33mThen &amp;#27;[0m&amp;#27;[33mthe cat should eat the food&amp;#27;[0m
    &amp;#27;[33mAnd &amp;#27;[0m&amp;#27;[33mthe cat should no longer be hungry&amp;#27;[0m
    &amp;#27;[33mAnd &amp;#27;[0m&amp;#27;[33mthe amount of food in the bowl should decrease&amp;#27;[0m
</system-out>
  </testcase>
  <testcase classname="Scenario: Cat is not hungry" name="When I try to feed the cat" time="0.01">
    <skipped/>
  </testcase>
  <testcase classname="Scenario: Cat is not hungry" name="Then the cat should refuse to eat the food" time="0.01">
    <skipped/>
  </testcase>
  <testcase classname="Scenario: Cat is not hungry" name="Scenario: Cat is not hungry" time="0.01">
    <skipped/>
  </testcase>
  <testcase classname="Scenario: Cat is not hungry" name="Scenario: Cat is not hungry" time="0.011"/>
  <testcase classname="Scenario: Cat doesn&apos;t like the food" name="Given the cat is hungry" time="0.007">
    <skipped/>
    <system-out>
  Scenario: Cat is not hungry                  &amp;#27;[90m# feed the cat.feature:15&amp;#27;[0m
    &amp;#27;[33mGiven &amp;#27;[0m&amp;#27;[33mthe cat is not hungry&amp;#27;[0m
    &amp;#27;[33mWhen &amp;#27;[0m&amp;#27;[33mI try to feed the cat&amp;#27;[0m
    &amp;#27;[33mThen &amp;#27;[0m&amp;#27;[33mthe cat should refuse to eat the food&amp;#27;[0m
</system-out>
  </testcase>
  <testcase classname="Scenario: Cat doesn&apos;t like the food" name="And there is food in the bowl" time="0.008">
    <skipped/>
  </testcase>
  <testcase classname="Scenario: Cat doesn&apos;t like the food" name="And the cat doesn&apos;t like the food on offer" time="0.008">
    <skipped/>
  </testcase>
  <testcase classname="Scenario: Cat doesn&apos;t like the food" name="When I try to feed the cat" time="0.008">
    <skipped/>
  </testcase>
  <testcase classname="Scenario: Cat doesn&apos;t like the food" name="Then the cat should refuse to eat the food" time="0.008">
    <skipped/>
  </testcase>
  <testcase classname="Scenario: Cat doesn&apos;t like the food" name="Scenario: Cat doesn&apos;t like the food" time="0.008">
    <skipped/>
  </testcase>
  <testcase classname="Scenario: Cat doesn&apos;t like the food" name="Scenario: Cat doesn&apos;t like the food" time="0.008"/>
</testsuite>